<?xml version="1.0" encoding="UTF-8"?>
<!-- Generated by org.testng.reporters.JUnitXMLReporter -->
<testsuite ignored="0" hostname="D-pucks-MacBook-Pro.local" failures="0" tests="3" name="Test" time="0.22" errors="0" timestamp="2025-02-27T20:04:09 IST">
  <testcase classname="testNG.DataProviderPractice" name="addPhoneToCart" time="0.036"/>
  <testcase classname="testNG.DataProviderPractice" name="addPhoneToCart" time="0.019"/>
  <testcase classname="testNG.DataProviderPractice" name="addPhoneToCart" time="0.017"/>
</testsuite> <!-- Test -->
