<?xml version="1.0" encoding="UTF-8"?>
<testng-results ignored="0" total="3" passed="3" failed="0" skipped="0">
  <reporter-output>
  </reporter-output>
  <suite started-at="2025-03-01T11:49:28 IST" name="Suite" finished-at="2025-03-01T11:49:57 IST" duration-ms="28441">
    <groups>
    </groups>
    <test started-at="2025-03-01T11:49:28 IST" name="Test-1" finished-at="2025-03-01T11:49:57 IST" duration-ms="28317">
      <class name="testNG.SampleBrowserLaunch">
        <test-method signature="demoLaunch()[pri:0, instance:testNG.SampleBrowserLaunch@4445629]" started-at="2025-03-01T11:49:28 IST" name="demoLaunch" finished-at="2025-03-01T11:49:57 IST" duration-ms="28244" status="PASS">
          <reporter-output>
          </reporter-output>
        </test-method> <!-- demoLaunch -->
      </class> <!-- testNG.SampleBrowserLaunch -->
    </test> <!-- Test-1 -->
    <test started-at="2025-03-01T11:49:28 IST" name="Test-2" finished-at="2025-03-01T11:49:56 IST" duration-ms="28071">
      <class name="testNG.SampleBrowserLaunch">
        <test-method signature="demoLaunch()[pri:0, instance:testNG.SampleBrowserLaunch@76908cc0]" started-at="2025-03-01T11:49:28 IST" name="demoLaunch" finished-at="2025-03-01T11:49:56 IST" duration-ms="27991" status="PASS">
          <reporter-output>
          </reporter-output>
        </test-method> <!-- demoLaunch -->
      </class> <!-- testNG.SampleBrowserLaunch -->
    </test> <!-- Test-2 -->
    <test started-at="2025-03-01T11:49:28 IST" name="Test-3" finished-at="2025-03-01T11:49:57 IST" duration-ms="28430">
      <class name="testNG.SampleBrowserLaunch">
        <test-method signature="demoLaunch()[pri:0, instance:testNG.SampleBrowserLaunch@4c9f8c13]" started-at="2025-03-01T11:49:28 IST" name="demoLaunch" finished-at="2025-03-01T11:49:57 IST" duration-ms="28368" status="PASS">
          <reporter-output>
          </reporter-output>
        </test-method> <!-- demoLaunch -->
      </class> <!-- testNG.SampleBrowserLaunch -->
    </test> <!-- Test-3 -->
  </suite> <!-- Suite -->
</testng-results>
